<?xml version="1.0" encoding="UTF-8"?>
<testsuite xmlns:xsi="http://www.w3.org/2001/XMLSchema-instance" xsi:noNamespaceSchemaLocation="https://maven.apache.org/surefire/maven-surefire-plugin/xsd/surefire-test-report.xsd" version="3.0.2" name="com.TargetHomePage.AppTest" time="2.948" tests="1" errors="0" skipped="0" failures="0">
  <properties>
[...]
</properties>
  <testcase name="contextLoads" classname="com.TargetHomePage.AppTest" time="0.723">
    <system-out><![CDATA[21:50:39.893 [main] INFO org.springframework.test.context.support.AnnotationConfigContextLoaderUtils -- Could not detect default configuration classes for test class [com.TargetHomePage.AppTest]: AppTest does not declare any static, non-private, non-final, nested classes annotated with @Configuration.
21:50:40.021 [main] INFO org.springframework.boot.test.context.SpringBootTestContextBootstrapper -- Found @SpringBootConfiguration com.TargetHomePage.App for test class com.TargetHomePage.AppTest

  .   ____          _            __ _ _
 /\\ / ___'_ __ _ _(_)_ __  __ _ \ \ \ \
( ( )\___ | '_ | '_| | '_ \/ _` | \ \ \ \
 \\/  ___)| |_)| | | | | || (_| |  ) ) ) )
  '  |____| .__|_| |_|_| |_\__, | / / / /
 =========|_|==============|___/=/_/_/_/

 :: Spring Boot ::                (v3.4.4)

2026-05-07T21:50:40.582-04:00  INFO 9180 --- [           main] com.TargetHomePage.AppTest               : Starting AppTest using Java 26.0.1 with PID 9180 (started by sindh in C:\Users\sindh\OneDrive\Documents\Devops\Azure Devops\Java\TargetHomePage\TargetHomePage)
2026-05-07T21:50:40.584-04:00  INFO 9180 --- [           main] com.TargetHomePage.AppTest               : No active profile set, falling back to 1 default profile: "default"
2026-05-07T21:50:41.635-04:00  INFO 9180 --- [           main] o.s.b.a.w.s.WelcomePageHandlerMapping    : Adding welcome page template: index
2026-05-07T21:50:41.948-04:00  INFO 9180 --- [           main] com.TargetHomePage.AppTest               : Started AppTest in 1.763 seconds (process running for 2.77)
]]></system-out>
    <system-err><![CDATA[Mockito is currently self-attaching to enable the inline-mock-maker. This will no longer work in future releases of the JDK. Please add Mockito as an agent to your build what is described in Mockito's documentation: https://javadoc.io/doc/org.mockito/mockito-core/latest/org/mockito/Mockito.html#0.3
WARNING: A Java agent has been loaded dynamically (C:\Users\sindh\.m2\repository\net\bytebuddy\byte-buddy-agent\1.15.11\byte-buddy-agent-1.15.11.jar)
WARNING: If a serviceability tool is in use, please run with -XX:+EnableDynamicAgentLoading to hide this warning
WARNING: If a serviceability tool is not in use, please run with -Djdk.instrument.traceUsage for more information
WARNING: Dynamic loading of agents will be disallowed by default in a future release
]]></system-err>
  </testcase>
</testsuite>